<?xml version="1.0" encoding="UTF-8"?>
<testsuite name="Request Deduplication Logic" tests="2" skipped="0" failures="0" errors="0" timestamp="2026-04-16T07:24:51" hostname="DESKTOP-LDBFH73" time="0.004">
  <properties/>
  <testcase name="Same URL detected as duplicate" classname="com.example.burp.sqli.ParserLogicTest$DedupLogic" time="0.002"/>
  <testcase name="Empty queue no duplicates" classname="com.example.burp.sqli.ParserLogicTest$DedupLogic" time="0.001"/>
  <system-out><![CDATA[]]></system-out>
  <system-err><![CDATA[]]></system-err>
</testsuite>
